#
# A fatal error has been detected by the Java Runtime Environment:
#
#  EXCEPTION_ACCESS_VIOLATION (0xc0000005) at pc=0x00007fffa5fb4b71, pid=16932, tid=18840
#
# JRE version: OpenJDK Runtime Environment Temurin-17.0.8.1+1 (17.0.8.1+1) (build 17.0.8.1+1)
# Java VM: OpenJDK 64-Bit Server VM Temurin-17.0.8.1+1 (17.0.8.1+1, mixed mode, emulated-client, tiered, compressed oops, compressed class ptrs, g1 gc, windows-amd64)
# Problematic frame:
# V  [jvm.dll+0x2d4b71]
#
# No core dump will be written. Minidumps are not enabled by default on client versions of Windows
#
# If you would like to submit a bug report, please visit:
#   https://github.com/adoptium/adoptium-support/issues
#

---------------  S U M M A R Y ------------

Command Line: -Dcom.sun.management.jmxremote -Dcom.sun.management.jmxremote.port=53779 -Dcom.sun.management.jmxremote.authenticate=false -Dcom.sun.management.jmxremote.ssl=false -Djava.rmi.server.hostname=localhost -Dspring.jmx.enabled=true -Dmanagement.endpoints.jmx.exposure.include=* -Dspring.application.admin.enabled=true -XX:TieredStopAtLevel=1 -Dspring.boot.project.name=PI-AE-USERCRUD -Dfile.encoding=UTF-8 -Dstdout.encoding=UTF-8 -Dstderr.encoding=UTF-8 -XX:+ShowCodeDetailsInExceptionMessages com.projetointegrador.app.rest.RestApiApplication --spring.output.ansi.enabled=always

Host: Intel(R) Core(TM) i3-6006U CPU @ 2.00GHz, 4 cores, 11G,  Windows 10 , 64 bit Build 19041 (10.0.19041.3636)
Time: Fri Nov 24 00:23:50 2023 Hora oficial do Brasil elapsed time: 3245.062231 seconds (0d 0h 54m 5s)

---------------  T H R E A D  ---------------

Current thread (0x000001d32735e550):  GCTaskThread "GC Thread#1" [stack: 0x0000008d4a900000,0x0000008d4aa00000] [id=18840]

Stack: [0x0000008d4a900000,0x0000008d4aa00000],  sp=0x0000008d4a9ff6f0,  free space=1021k
Native frames: (J=compiled Java code, j=interpreted, Vv=VM code, C=native code)
V  [jvm.dll+0x2d4b71]
V  [jvm.dll+0x2dac8f]
V  [jvm.dll+0x313be4]
V  [jvm.dll+0x314bf7]
V  [jvm.dll+0x316bae]
V  [jvm.dll+0x31524d]
V  [jvm.dll+0x31676a]
V  [jvm.dll+0x2e1153]
V  [jvm.dll+0x2e2b7b]
V  [jvm.dll+0x862bbb]
V  [jvm.dll+0x862c06]
V  [jvm.dll+0x7e64ca]
V  [jvm.dll+0x677955]
C  [ucrtbase.dll+0x21bb2]
C  [KERNEL32.DLL+0x17344]
C  [ntdll.dll+0x526b1]


siginfo: EXCEPTION_ACCESS_VIOLATION (0xc0000005), reading address 0x0000000000000100


Register to memory mapping:

RIP=0x00007fffa5fb4b71 jvm.dll
RAX=0x0 is NULL
RBX=0x0000000742e55db8 points into unknown readable memory: 0x0000000000000021 | 21 00 00 00 00 00 00 00
RCX=0x000000080004074a is pointing into metadata
RDX=0x0000000742e55db8 points into unknown readable memory: 0x0000000000000021 | 21 00 00 00 00 00 00 00
RSP=0x0000008d4a9ff6f0 points into unknown readable memory: 0x0000000000000001 | 01 00 00 00 00 00 00 00
RBP=0x000001d310f22bb0 points into unknown readable memory: 0x0000000742e00000 | 00 00 e0 42 07 00 00 00
RSI=
[error occurred during error reporting (printing register info), id 0xc0000005, EXCEPTION_ACCESS_VIOLATION (0xc0000005) at pc=0x00007fffa5fb4b71]

Registers:
RAX=0x0000000000000000, RBX=0x0000000742e55db8, RCX=0x000000080004074a, RDX=0x0000000742e55db8
RSP=0x0000008d4a9ff6f0, RBP=0x000001d310f22bb0, RSI=0x0000000742e55e00, RDI=0x000001d310f22bd0
R8 =0x000000080004074a, R9 =0x0000000742e55db8, R10=0x0000000000000000, R11=0x000001d3198172af
R12=0x0000000742e56800, R13=0x000001d310eb5e60, R14=0x0000000000000005, R15=0x0000008d4a9ff810
RIP=0x00007fffa5fb4b71, EFLAGS=0x0000000000010246

Top of Stack: (sp=0x0000008d4a9ff6f0)
0x0000008d4a9ff6f0:   0000000000000001 000001d310f22bd0
0x0000008d4a9ff700:   0000000742e5256c 00007fffa5ff0beb
0x0000008d4a9ff710:   0000000742e52600 00007fffa5fbac8f
0x0000008d4a9ff720:   0000000742e525fc 0000008d4a9ff810
0x0000008d4a9ff730:   000001d310f22bb0 000001d310f22bb0
0x0000008d4a9ff740:   0000000000000140 00007fffa5ff3be4
0x0000008d4a9ff750:   000001d310f22bb0 000001d310eb7d90
0x0000008d4a9ff760:   0000000742e524f8 0000000000000080
0x0000008d4a9ff770:   0000008d4a9ff9c0 0000000742e20600
0x0000008d4a9ff780:   0000000742e52400 0000000000000040
0x0000008d4a9ff790:   0000000000000000 0000008d4a9ff9c0
0x0000008d4a9ff7a0:   000001d319817280 0000000000000005
0x0000008d4a9ff7b0:   000001d310eb5e60 0000000000000140
0x0000008d4a9ff7c0:   0000008d4a9ff9c0 0000000742e55e00
0x0000008d4a9ff7d0:   000001d310f22bb0 00007fffa5ff4bf7
0x0000008d4a9ff7e0:   0000000742e55e00 0000008d4a9ff800 

Instructions: (pc=0x00007fffa5fb4b71)
0x00007fffa5fb4a71:   90 00 00 00 49 8b c1 48 2b 42 08 8b 4a 18 48 8b
0x00007fffa5fb4a81:   52 20 48 c1 e8 03 48 d3 e8 4c 8b c0 24 3f 49 c1
0x00007fffa5fb4a91:   e8 06 0f b6 c8 4a 8b 04 c2 48 0f a3 c8 72 10 41
0x00007fffa5fb4aa1:   8b 82 94 00 00 00 83 f8 29 74 04 32 c0 eb 1d b0
0x00007fffa5fb4ab1:   01 eb 19 48 8b 41 10 4c 3b c8 0f 92 c0 eb 0d 48
0x00007fffa5fb4ac1:   8b 81 98 00 00 00 4c 3b 08 0f 94 c0 84 c0 0f 84
0x00007fffa5fb4ad1:   ac 00 00 00 0f b6 05 a2 9b 89 00 84 c0 74 16 45
0x00007fffa5fb4ae1:   8b 41 08 8b 0d 1e d8 82 00 49 d3 e0 4c 03 05 0c
0x00007fffa5fb4af1:   d8 82 00 eb 04 4d 8b 41 08 45 8b 50 08 45 85 d2
0x00007fffa5fb4b01:   7e 12 41 f6 c2 01 75 5f 41 c1 fa 03 49 63 c2 48
0x00007fffa5fb4b11:   83 c4 28 c3 79 51 84 c0 ba 0c 00 00 00 8b 05 20
0x00007fffa5fb4b21:   e7 82 00 b9 10 00 00 00 0f 45 ca ff c8 4c 63 c0
0x00007fffa5fb4b31:   41 8b c2 48 c1 f8 10 4a 63 14 09 41 8b ca 83 e1
0x00007fffa5fb4b41:   3f 48 d3 e2 0f b6 c8 49 8d 04 10 49 f7 d0 48 03
0x00007fffa5fb4b51:   c8 4d 8b d0 49 c1 ea 03 48 c1 e9 03 44 23 d1 49
0x00007fffa5fb4b61:   63 c2 48 83 c4 28 c3 49 8b 00 49 8b d1 49 8b c8
0x00007fffa5fb4b71:   ff 90 00 01 00 00 44 8b d0 48 98 48 83 c4 28 c3
0x00007fffa5fb4b81:   48 8b 05 00 05 8d 00 4d 8b 9a b8 00 00 00 48 89
0x00007fffa5fb4b91:   5c 24 30 48 89 74 24 38 48 8b 88 c8 04 00 00 b8
0x00007fffa5fb4ba1:   08 00 00 00 48 89 7c 24 20 48 8b 99 90 00 00 00
0x00007fffa5fb4bb1:   8b 7b 18 8b cf 48 8b 73 08 d3 e0 4c 2b de ff c8
0x00007fffa5fb4bc1:   49 c1 eb 03 48 63 c8 4a 8d 14 09 48 f7 d1 48 23
0x00007fffa5fb4bd1:   d1 8b cf 48 2b d6 49 d3 eb 48 c1 ea 03 48 d3 ea
0x00007fffa5fb4be1:   49 3b d3 73 73 48 8b 5b 20 4c 8b c2 49 c1 e8 06
0x00007fffa5fb4bf1:   0f b6 ca 80 e1 3f 4e 8b 14 c3 49 d3 ea 41 f6 c2
0x00007fffa5fb4c01:   01 75 58 4d 85 d2 74 11 49 0f bc ca 48 03 ca 48
0x00007fffa5fb4c11:   8b d1 49 3b cb 73 41 eb 42 49 8d 53 3f 49 ff c0
0x00007fffa5fb4c21:   48 c1 ea 06 4c 3b c2 73 2f 4a 8d 04 c3 66 90 48
0x00007fffa5fb4c31:   8b 08 48 85 c9 75 0e 49 ff c0 48 83 c0 08 4c 3b
0x00007fffa5fb4c41:   c2 72 ec eb 13 48 0f bc c1 49 8b d0 48 c1 e2 06
0x00007fffa5fb4c51:   48 03 d0 49 3b d3 72 03 49 8b d3 48 8b 5c 24 30
0x00007fffa5fb4c61:   8b cf 48 8b 7c 24 20 48 d3 e2 48 c1 e2 03 49 2b 


Stack slot to memory mapping:
stack at sp + 0 slots: 0x0000000000000001 is an unknown value
stack at sp + 1 slots: 0x000001d310f22bd0 points into unknown readable memory: 0x0000000743000000 | 00 00 00 43 07 00 00 00
stack at sp + 2 slots: 0x0000000742e5256c is pointing into object: java.lang.Class 
{0x0000000742e524f8} - klass: 'java/lang/Class'
 - ---- fields (total size 15 words):
 - private volatile transient 'classRedefinedCount' 'I' @12  0
 - private volatile transient 'cachedConstructor' 'Ljava/lang/reflect/Constructor;' @40  NULL (0)
 - private transient 'name' 'Ljava/lang/String;' @44  "org.springframework.boot.logging.java.JavaLoggingSystem"{0x0000000742e53a08} (e85ca741)
 - private transient 'module' 'Ljava/lang/Module;' @48  a 'java/lang/Module'{0x00000007423d26b8} (e847a4d7)
 - private final 'classLoader' 'Ljava/lang/ClassLoader;' @52  a 'jdk/internal/loader/ClassLoaders$AppClassLoader'{0x00000007423d26f0} (e847a4de)
 - private transient 'classData' 'Ljava/lang/Object;' @56  NULL (0)
 - private transient 'packageName' 'Ljava/lang/String;' @60  "org.springframework.boot.logging.java"{0x0000000742e30820} (e85c6104)
 - private final 'componentType' 'Ljava/lang/Class;' @64  [I{0x0000000742e53a68} (e85ca74d)
 - private volatile transient 'reflectionData' 'Ljava/lang/ref/SoftReference;' @68  NULL (0)
 - private volatile transient 'genericInfo' 'Lsun/reflect/generics/repository/ClassRepository;' @72  NULL (0)
 - private volatile transient 'enumConstants' '[Ljava/lang/Object;' @76  NULL (0)
 - private volatile transient 'enumConstantDirectory' 'Ljava/util/Map;' @80  NULL (0)
 - private volatile transient 'annotationData' 'Ljava/lang/Class$AnnotationData;' @84  NULL (0)
 - private volatile transient 'annotationType' 'Lsun/reflect/annotation/AnnotationType;' @88  NULL (0)
 - transient 'classValueMap' 'Ljava/lang/ClassValue$ClassValueMap;' @92  NULL (0)
 - signature: Lorg/springframework/boot/logging/java/JavaLoggingSystem;
 - fake entry for mirror: 'org/springframework/boot/logging/java/JavaLoggingSystem'
 - fake entry for array: NULL
 - fake entry for oop_size: 15
 - fake entry for static_oop_field_count: 1
 - private static final 'LEVELS' 'Lorg/springframework/boot/logging/AbstractLoggingSystem$LogLevels;' @112  NULL (0)
stack at sp + 3 slots: 0x00007fffa5ff0beb jvm.dll
stack at sp + 4 slots: 0x0000000742e52600 is pointing into object: [Ljava.lang.Object; 
{0x0000000742e525b8} - klass: 'java/lang/Object'[]
 - length: 19
stack at sp + 5 slots: 0x00007fffa5fbac8f jvm.dll
stack at sp + 6 slots: 0x0000000742e525fc is pointing into object: [Ljava.lang.Object; 
{0x0000000742e525b8} - klass: 'java/lang/Object'[]
 - length: 19
stack at sp + 7 slots: 0x0000008d4a9ff810 points into unknown readable memory: 0x00007fffa663b508 | 08 b5 63 a6 ff 7f 00 00


---------------  P R O C E S S  ---------------

Threads class SMR info:
_java_thread_list=0x000001d328872530, length=35, elements={
0x000001d32292ad20, 0x000001d32292e3b0, 0x000001d32296e4d0, 0x000001d322971910,
0x000001d3229731f0, 0x000001d322974260, 0x000001d322978880, 0x000001d32297a0d0,
0x000001d322aec960, 0x000001d322b47f80, 0x000001d32732f990, 0x000001d327430820,
0x000001d3274abf90, 0x000001d327194ba0, 0x000001d32719eb70, 0x000001d32751ffb0,
0x000001d327521e10, 0x000001d327521900, 0x000001d32751e660, 0x000001d3275213f0,
0x000001d32751f080, 0x000001d327520ee0, 0x000001d32751faa0, 0x000001d328f6ed20,
0x000001d328f70670, 0x000001d328f6bf90, 0x000001d328f724d0, 0x000001d328f6ddf0,
0x000001d328f6c4a0, 0x000001d328f6e300, 0x000001d328f6f230, 0x000001d328f6fc50,
0x000001d328f6cec0, 0x000001d328f70160, 0x000001d328f6d8e0
}

Java Threads: ( => current thread )
  0x000001d32292ad20 JavaThread "Reference Handler" daemon [_thread_blocked, id=1736, stack(0x0000008d49a00000,0x0000008d49b00000)]
  0x000001d32292e3b0 JavaThread "Finalizer" daemon [_thread_blocked, id=9572, stack(0x0000008d49b00000,0x0000008d49c00000)]
  0x000001d32296e4d0 JavaThread "Signal Dispatcher" daemon [_thread_blocked, id=11292, stack(0x0000008d49c00000,0x0000008d49d00000)]
  0x000001d322971910 JavaThread "Attach Listener" daemon [_thread_blocked, id=9844, stack(0x0000008d49d00000,0x0000008d49e00000)]
  0x000001d3229731f0 JavaThread "Service Thread" daemon [_thread_blocked, id=9676, stack(0x0000008d49e00000,0x0000008d49f00000)]
  0x000001d322974260 JavaThread "Monitor Deflation Thread" daemon [_thread_blocked, id=12884, stack(0x0000008d49f00000,0x0000008d4a000000)]
  0x000001d322978880 JavaThread "C1 CompilerThread0" daemon [_thread_blocked, id=18672, stack(0x0000008d4a000000,0x0000008d4a100000)]
  0x000001d32297a0d0 JavaThread "Sweeper thread" daemon [_thread_blocked, id=9252, stack(0x0000008d4a100000,0x0000008d4a200000)]
  0x000001d322aec960 JavaThread "Common-Cleaner" daemon [_thread_blocked, id=16160, stack(0x0000008d4a200000,0x0000008d4a300000)]
  0x000001d322b47f80 JavaThread "Notification Thread" daemon [_thread_blocked, id=6084, stack(0x0000008d4a400000,0x0000008d4a500000)]
  0x000001d32732f990 JavaThread "RMI TCP Accept-0" daemon [_thread_in_native, id=10944, stack(0x0000008d4a700000,0x0000008d4a800000)]
  0x000001d327430820 JavaThread "RMI TCP Accept-53779" daemon [_thread_in_native, id=16056, stack(0x0000008d4a800000,0x0000008d4a900000)]
  0x000001d3274abf90 JavaThread "RMI TCP Accept-0" daemon [_thread_in_native, id=14760, stack(0x0000008d4ae00000,0x0000008d4af00000)]
  0x000001d327194ba0 JavaThread "RMI Scheduler(0)" daemon [_thread_blocked, id=19360, stack(0x0000008d4b100000,0x0000008d4b200000)]
  0x000001d32719eb70 JavaThread "RMI TCP Connection(56)-127.0.0.1" daemon [_thread_blocked, id=8916, stack(0x0000008d4b200000,0x0000008d4b300000)]
  0x000001d32751ffb0 JavaThread "JMX server connection timeout 21" daemon [_thread_blocked, id=9100, stack(0x0000008d4b300000,0x0000008d4b400000)]
  0x000001d327521e10 JavaThread "Catalina-utility-1" [_thread_blocked, id=12168, stack(0x0000008d4b400000,0x0000008d4b500000)]
  0x000001d327521900 JavaThread "Catalina-utility-2" [_thread_blocked, id=12360, stack(0x0000008d4b500000,0x0000008d4b600000)]
  0x000001d32751e660 JavaThread "container-0" [_thread_blocked, id=13268, stack(0x0000008d4b600000,0x0000008d4b700000)]
  0x000001d3275213f0 JavaThread "mysql-cj-abandoned-connection-cleanup" daemon [_thread_blocked, id=17480, stack(0x0000008d4b700000,0x0000008d4b800000)]
  0x000001d32751f080 JavaThread "HikariPool-1 housekeeper" daemon [_thread_blocked, id=2580, stack(0x0000008d4b800000,0x0000008d4b900000)]
  0x000001d327520ee0 JavaThread "http-nio-8080-exec-1" daemon [_thread_blocked, id=11540, stack(0x0000008d4ba00000,0x0000008d4bb00000)]
  0x000001d32751faa0 JavaThread "http-nio-8080-exec-2" daemon [_thread_blocked, id=11444, stack(0x0000008d4bb00000,0x0000008d4bc00000)]
  0x000001d328f6ed20 JavaThread "http-nio-8080-exec-3" daemon [_thread_blocked, id=13392, stack(0x0000008d4bc00000,0x0000008d4bd00000)]
  0x000001d328f70670 JavaThread "http-nio-8080-exec-4" daemon [_thread_blocked, id=19920, stack(0x0000008d4bd00000,0x0000008d4be00000)]
  0x000001d328f6bf90 JavaThread "http-nio-8080-exec-5" daemon [_thread_blocked, id=7920, stack(0x0000008d4be00000,0x0000008d4bf00000)]
  0x000001d328f724d0 JavaThread "http-nio-8080-exec-6" daemon [_thread_blocked, id=15584, stack(0x0000008d4bf00000,0x0000008d4c000000)]
  0x000001d328f6ddf0 JavaThread "http-nio-8080-exec-7" daemon [_thread_blocked, id=10460, stack(0x0000008d4c000000,0x0000008d4c100000)]
  0x000001d328f6c4a0 JavaThread "http-nio-8080-exec-8" daemon [_thread_blocked, id=1320, stack(0x0000008d4c100000,0x0000008d4c200000)]
  0x000001d328f6e300 JavaThread "http-nio-8080-exec-9" daemon [_thread_blocked, id=11668, stack(0x0000008d4c200000,0x0000008d4c300000)]
  0x000001d328f6f230 JavaThread "http-nio-8080-exec-10" daemon [_thread_blocked, id=14412, stack(0x0000008d4c300000,0x0000008d4c400000)]
  0x000001d328f6fc50 JavaThread "http-nio-8080-Poller" daemon [_thread_in_native, id=20360, stack(0x0000008d4c400000,0x0000008d4c500000)]
  0x000001d328f6cec0 JavaThread "DestroyJavaVM" [_thread_blocked, id=8520, stack(0x0000008d49300000,0x0000008d49400000)]
  0x000001d328f70160 JavaThread "RMI TCP Connection(57)-127.0.0.1" daemon [_thread_in_native, id=16000, stack(0x0000008d49100000,0x0000008d49200000)]
  0x000001d328f6d8e0 JavaThread "JMX server connection timeout 53" daemon [_thread_blocked, id=11660, stack(0x0000008d49200000,0x0000008d49300000)]

Other Threads:
  0x000001d322924630 VMThread "VM Thread" [stack: 0x0000008d49900000,0x0000008d49a00000] [id=8328]
  0x000001d310ea7c20 WatcherThread [stack: 0x0000008d4af00000,0x0000008d4b000000] [id=12780]
  0x000001d310efc830 GCTaskThread "GC Thread#0" [stack: 0x0000008d49400000,0x0000008d49500000] [id=11164]
=>0x000001d32735e550 GCTaskThread "GC Thread#1" [stack: 0x0000008d4a900000,0x0000008d4aa00000] [id=18840]
  0x000001d327330690 GCTaskThread "GC Thread#2" [stack: 0x0000008d4aa00000,0x0000008d4ab00000] [id=8752]
  0x000001d327475460 GCTaskThread "GC Thread#3" [stack: 0x0000008d4ab00000,0x0000008d4ac00000] [id=11144]
  0x000001d310f0a4a0 ConcurrentGCThread "G1 Main Marker" [stack: 0x0000008d49500000,0x0000008d49600000] [id=19524]
  0x000001d310f0adc0 ConcurrentGCThread "G1 Conc#0" [stack: 0x0000008d49600000,0x0000008d49700000] [id=11664]
  0x000001d322792c60 ConcurrentGCThread "G1 Refine#0" [stack: 0x0000008d49700000,0x0000008d49800000] [id=2432]
  0x000001d3274a2360 ConcurrentGCThread "G1 Refine#1" [stack: 0x0000008d4ac00000,0x0000008d4ad00000] [id=1236]
  0x000001d3274aaa70 ConcurrentGCThread "G1 Refine#2" [stack: 0x0000008d4ad00000,0x0000008d4ae00000] [id=7652]
  0x000001d310f4a3a0 ConcurrentGCThread "G1 Service" [stack: 0x0000008d49800000,0x0000008d49900000] [id=13684]

Threads with active compile tasks:

VM state: at safepoint (normal execution)

VM Mutex/Monitor currently owned by a thread:  ([mutex/lock_event])
[0x000001d310ea2220] Threads_lock - owner thread: 0x000001d322924630
[0x000001d310ea1380] Heap_lock - owner thread: 0x000001d32719eb70

Heap address: 0x0000000742000000, size: 3040 MB, Compressed Oops mode: Zero based, Oop shift amount: 3

CDS archive(s) not mapped
Compressed class space mapped at: 0x0000000800000000-0x0000000840000000, reserved size: 1073741824
Narrow klass base: 0x0000000800000000, Narrow klass shift: 0, Narrow klass range: 0x40000000

GC Precious Log:
 CPUs: 4 total, 4 available
 Memory: 12154M
 Large Page Support: Disabled
 NUMA Support: Disabled
 Compressed Oops: Enabled (Zero based)
 Heap Region Size: 2M
 Heap Min Capacity: 8M
 Heap Initial Capacity: 190M
 Heap Max Capacity: 3040M
 Pre-touch: Disabled
 Parallel Workers: 4
 Concurrent Workers: 1
 Concurrent Refinement Workers: 4
 Periodic GC: Disabled

Heap:
 garbage-first heap   total 61440K, used 47196K [0x0000000742000000, 0x0000000800000000)
  region size 2048K, 12 young (24576K), 2 survivors (4096K)
 Metaspace       used 71300K, committed 72000K, reserved 1114112K
  class space    used 9785K, committed 10112K, reserved 1048576K

Heap Regions: E=young(eden), S=young(survivor), O=old, HS=humongous(starts), HC=humongous(continues), CS=collection set, F=free, OA=open archive, CA=closed archive, TAMS=top-at-mark-start (previous, next)
|   0|0x0000000742000000, 0x0000000742200000, 0x0000000742200000|100%| O|  |TAMS 0x0000000742200000, 0x0000000742000000| Untracked 
|   1|0x0000000742200000, 0x0000000742400000, 0x0000000742400000|100%| O|  |TAMS 0x0000000742400000, 0x0000000742200000| Untracked 
|   2|0x0000000742400000, 0x0000000742600000, 0x0000000742600000|100%| O|  |TAMS 0x0000000742600000, 0x0000000742400000| Untracked 
|   3|0x0000000742600000, 0x0000000742800000, 0x0000000742800000|100%| O|  |TAMS 0x0000000742800000, 0x0000000742600000| Untracked 
|   4|0x0000000742800000, 0x0000000742a00000, 0x0000000742a00000|100%| O|  |TAMS 0x0000000742a00000, 0x0000000742800000| Untracked 
|   5|0x0000000742a00000, 0x0000000742c00000, 0x0000000742c00000|100%| O|  |TAMS 0x0000000742c00000, 0x0000000742a00000| Untracked 
|   6|0x0000000742c00000, 0x0000000742e00000, 0x0000000742e00000|100%| O|  |TAMS 0x0000000742e00000, 0x0000000742c00000| Untracked 
|   7|0x0000000742e00000, 0x0000000743000000, 0x0000000743000000|100%| O|  |TAMS 0x0000000743000000, 0x0000000742e00000| Untracked 
|   8|0x0000000743000000, 0x0000000743200000, 0x0000000743200000|100%| O|  |TAMS 0x0000000743200000, 0x0000000743000000| Untracked 
|   9|0x0000000743200000, 0x0000000743400000, 0x0000000743400000|100%| O|  |TAMS 0x000000074322b200, 0x0000000743200000| Untracked 
|  10|0x0000000743400000, 0x0000000743600000, 0x0000000743600000|100%| O|  |TAMS 0x0000000743400000, 0x0000000743400000| Untracked 
|  11|0x0000000743600000, 0x0000000743688a20, 0x0000000743800000| 26%| O|  |TAMS 0x0000000743600000, 0x0000000743600000| Untracked 
|  12|0x0000000743800000, 0x0000000743a00000, 0x0000000743a00000|100%| O|  |TAMS 0x0000000743a00000, 0x0000000743800000| Untracked 
|  13|0x0000000743a00000, 0x0000000743a00000, 0x0000000743c00000|  0%| F|  |TAMS 0x0000000743a00000, 0x0000000743a00000| Untracked 
|  14|0x0000000743c00000, 0x0000000743c00000, 0x0000000743e00000|  0%| F|  |TAMS 0x0000000743c00000, 0x0000000743c00000| Untracked 
|  15|0x0000000743e00000, 0x0000000743e00000, 0x0000000744000000|  0%| F|  |TAMS 0x0000000743e00000, 0x0000000743e00000| Untracked 
|  16|0x0000000744000000, 0x000000074415c4b0, 0x0000000744200000| 68%| E|CS|TAMS 0x0000000744000000, 0x0000000744000000| Complete 
|  17|0x0000000744200000, 0x0000000744400000, 0x0000000744400000|100%| E|CS|TAMS 0x0000000744200000, 0x0000000744200000| Complete 
|  18|0x0000000744400000, 0x00000007445175e0, 0x0000000744600000| 54%| S|  |TAMS 0x0000000744400000, 0x0000000744400000| Complete 
|  19|0x0000000744600000, 0x0000000744800000, 0x0000000744800000|100%| S|  |TAMS 0x0000000744600000, 0x0000000744600000| Complete 
|  20|0x0000000744800000, 0x0000000744a00000, 0x0000000744a00000|100%| E|CS|TAMS 0x0000000744800000, 0x0000000744800000| Complete 
|  21|0x0000000744a00000, 0x0000000744c00000, 0x0000000744c00000|100%| E|CS|TAMS 0x0000000744a00000, 0x0000000744a00000| Complete 
|  22|0x0000000744c00000, 0x0000000744e00000, 0x0000000744e00000|100%| E|CS|TAMS 0x0000000744c00000, 0x0000000744c00000| Complete 
|  23|0x0000000744e00000, 0x0000000745000000, 0x0000000745000000|100%| E|CS|TAMS 0x0000000744e00000, 0x0000000744e00000| Complete 
|  24|0x0000000745000000, 0x0000000745200000, 0x0000000745200000|100%| E|CS|TAMS 0x0000000745000000, 0x0000000745000000| Complete 
|  25|0x0000000745200000, 0x0000000745400000, 0x0000000745400000|100%| E|CS|TAMS 0x0000000745200000, 0x0000000745200000| Complete 
|  26|0x0000000745400000, 0x0000000745600000, 0x0000000745600000|100%| E|CS|TAMS 0x0000000745400000, 0x0000000745400000| Complete 
|  51|0x0000000748600000, 0x0000000748800000, 0x0000000748800000|100%| E|CS|TAMS 0x0000000748600000, 0x0000000748600000| Complete 
|  52|0x0000000748800000, 0x0000000748a00000, 0x0000000748a00000|100%| E|CS|TAMS 0x0000000748800000, 0x0000000748800000| Complete 
|  94|0x000000074dc00000, 0x000000074de00000, 0x000000074de00000|100%| E|CS|TAMS 0x000000074dc00000, 0x000000074dc00000| Complete 

Card table byte_map: [0x000001d319810000,0x000001d319e00000] _byte_map_base: 0x000001d315e00000

Marking Bits (Prev, Next): (CMBitMap*) 0x000001d310efdd70, (CMBitMap*) 0x000001d310efddb0
 Prev Bits: [0x000001d31a3f0000, 0x000001d31d370000)
 Next Bits: [0x000001d31d370000, 0x000001d3202f0000)

Polling page: 0x000001d310f60000

Metaspace:

Usage:
  Non-class:     60.07 MB used.
      Class:      9.56 MB used.
       Both:     69.63 MB used.

Virtual space:
  Non-class space:       64.00 MB reserved,      60.44 MB ( 94%) committed,  1 nodes.
      Class space:        1.00 GB reserved,       9.88 MB ( <1%) committed,  1 nodes.
             Both:        1.06 GB reserved,      70.31 MB (  6%) committed. 

Chunk freelists:
   Non-Class:  3.36 MB
       Class:  6.12 MB
        Both:  9.47 MB

MaxMetaspaceSize: unlimited
CompressedClassSpaceSize: 1.00 GB
Initial GC threshold: 21.00 MB
Current GC threshold: 102.50 MB
CDS: off
MetaspaceReclaimPolicy: balanced
 - commit_granule_bytes: 65536.
 - commit_granule_words: 8192.
 - virtual_space_node_default_size: 8388608.
 - enlarge_chunks_in_place: 1.
 - new_chunks_are_fully_committed: 0.
 - uncommit_free_chunks: 1.
 - use_allocation_guard: 0.
 - handle_deallocations: 1.


Internal statistics:

num_allocs_failed_limit: 12.
num_arena_births: 878.
num_arena_deaths: 0.
num_vsnodes_births: 2.
num_vsnodes_deaths: 0.
num_space_committed: 1125.
num_space_uncommitted: 0.
num_chunks_returned_to_freelist: 12.
num_chunks_taken_from_freelist: 3203.
num_chunk_merges: 12.
num_chunk_splits: 2276.
num_chunks_enlarged: 1744.
num_inconsistent_stats: 0.

CodeCache: size=49152Kb used=10197Kb max_used=10753Kb free=38954Kb
 bounds [0x000001d315d80000, 0x000001d316860000, 0x000001d318d80000]
 total_blobs=6497 nmethods=5843 adapters=581
 compilation: enabled
              stopped_count=0, restarted_count=0
 full_count=0

Compilation events (20 events):
Event: 3214.004 Thread 0x000001d322978880 nmethod 5833 0x000001d3167a1590 code [0x000001d3167a1720, 0x000001d3167a17f8]
Event: 3214.005 Thread 0x000001d322978880 5835       1       com.mysql.cj.NativeCharsetSettings::doesPlatformDbCharsetMatches (5 bytes)
Event: 3214.005 Thread 0x000001d322978880 nmethod 5835 0x000001d3167a1290 code [0x000001d3167a1420, 0x000001d3167a14f8]
Event: 3214.005 Thread 0x000001d322978880 5836       1       com.mysql.cj.protocol.a.SimplePacketReader::resetMessageSequence (6 bytes)
Event: 3214.005 Thread 0x000001d322978880 nmethod 5836 0x000001d3167a0f90 code [0x000001d3167a1120, 0x000001d3167a11f8]
Event: 3214.005 Thread 0x000001d329092080 nmethod 5834 0x000001d3167a0110 code [0x000001d3167a0360, 0x000001d3167a0968]
Event: 3245.006 Thread 0x000001d322978880 5838       1       java.io.ObjectInputStream$HandleTable::finish (111 bytes)
Event: 3245.007 Thread 0x000001d322978880 nmethod 5838 0x000001d31679fb10 code [0x000001d31679fcc0, 0x000001d31679ff68]
Event: 3245.007 Thread 0x000001d322978880 5837       1       java.io.ObjectInputStream$HandleTable::assign (48 bytes)
Event: 3245.007 Thread 0x000001d322978880 nmethod 5837 0x000001d31679f590 code [0x000001d31679f740, 0x000001d31679f988]
Event: 3245.007 Thread 0x000001d322978880 5839       1       java.security.AccessController::doPrivileged (17 bytes)
Event: 3245.007 Thread 0x000001d322978880 nmethod 5839 0x000001d31679f190 code [0x000001d31679f340, 0x000001d31679f478]
Event: 3245.010 Thread 0x000001d322978880 5840       1       java.io.ObjectStreamField::getField (5 bytes)
Event: 3245.010 Thread 0x000001d322978880 nmethod 5840 0x000001d31679ee90 code [0x000001d31679f020, 0x000001d31679f0f8]
Event: 3245.013 Thread 0x000001d322978880 5841       1       java.util.concurrent.ConcurrentHashMap::<init> (5 bytes)
Event: 3245.013 Thread 0x000001d322978880 nmethod 5841 0x000001d31679eb90 code [0x000001d31679ed20, 0x000001d31679edd8]
Event: 3245.014 Thread 0x000001d322978880 5842       1       javax.management.ObjectName::getDomainLength (9 bytes)
Event: 3245.014 Thread 0x000001d322978880 nmethod 5842 0x000001d31679e890 code [0x000001d31679ea20, 0x000001d31679eaf8]
Event: 3245.015 Thread 0x000001d322978880 5843       1       org.springframework.core.annotation.AnnotationAwareOrderComparator::findOrder (18 bytes)
Event: 3245.016 Thread 0x000001d322978880 nmethod 5843 0x000001d31679e390 code [0x000001d31679e560, 0x000001d31679e7a8]

GC Heap History (20 events):
Event: 6.215 GC heap after
{Heap after GC invocations=12 (full 0):
 garbage-first heap   total 118784K, used 16142K [0x0000000742000000, 0x0000000800000000)
  region size 2048K, 2 young (4096K), 2 survivors (4096K)
 Metaspace       used 35975K, committed 36416K, reserved 1114112K
  class space    used 4525K, committed 4736K, reserved 1048576K
}
Event: 7.457 GC heap before
{Heap before GC invocations=13 (full 0):
 garbage-first heap   total 61440K, used 48910K [0x0000000742000000, 0x0000000800000000)
  region size 2048K, 18 young (36864K), 2 survivors (4096K)
 Metaspace       used 41840K, committed 42304K, reserved 1114112K
  class space    used 5416K, committed 5632K, reserved 1048576K
}
Event: 7.466 GC heap after
{Heap after GC invocations=14 (full 0):
 garbage-first heap   total 61440K, used 17873K [0x0000000742000000, 0x0000000800000000)
  region size 2048K, 3 young (6144K), 3 survivors (6144K)
 Metaspace       used 41840K, committed 42304K, reserved 1114112K
  class space    used 5416K, committed 5632K, reserved 1048576K
}
Event: 7.525 GC heap before
{Heap before GC invocations=14 (full 0):
 garbage-first heap   total 61440K, used 19921K [0x0000000742000000, 0x0000000800000000)
  region size 2048K, 4 young (8192K), 3 survivors (6144K)
 Metaspace       used 42239K, committed 42688K, reserved 1114112K
  class space    used 5501K, committed 5696K, reserved 1048576K
}
Event: 7.534 GC heap after
{Heap after GC invocations=15 (full 0):
 garbage-first heap   total 61440K, used 17859K [0x0000000742000000, 0x0000000800000000)
  region size 2048K, 1 young (2048K), 1 survivors (2048K)
 Metaspace       used 42239K, committed 42688K, reserved 1114112K
  class space    used 5501K, committed 5696K, reserved 1048576K
}
Event: 8.624 GC heap before
{Heap before GC invocations=15 (full 0):
 garbage-first heap   total 61440K, used 44483K [0x0000000742000000, 0x0000000800000000)
  region size 2048K, 14 young (28672K), 1 survivors (2048K)
 Metaspace       used 48590K, committed 49088K, reserved 1114112K
  class space    used 6307K, committed 6528K, reserved 1048576K
}
Event: 8.630 GC heap after
{Heap after GC invocations=16 (full 0):
 garbage-first heap   total 61440K, used 19536K [0x0000000742000000, 0x0000000800000000)
  region size 2048K, 2 young (4096K), 2 survivors (4096K)
 Metaspace       used 48590K, committed 49088K, reserved 1114112K
  class space    used 6307K, committed 6528K, reserved 1048576K
}
Event: 9.390 GC heap before
{Heap before GC invocations=16 (full 0):
 garbage-first heap   total 61440K, used 44112K [0x0000000742000000, 0x0000000800000000)
  region size 2048K, 14 young (28672K), 2 survivors (4096K)
 Metaspace       used 55050K, committed 55552K, reserved 1114112K
  class space    used 7321K, committed 7552K, reserved 1048576K
}
Event: 9.396 GC heap after
{Heap after GC invocations=17 (full 0):
 garbage-first heap   total 61440K, used 20908K [0x0000000742000000, 0x0000000800000000)
  region size 2048K, 1 young (2048K), 1 survivors (2048K)
 Metaspace       used 55050K, committed 55552K, reserved 1114112K
  class space    used 7321K, committed 7552K, reserved 1048576K
}
Event: 10.199 GC heap before
{Heap before GC invocations=17 (full 0):
 garbage-first heap   total 61440K, used 47532K [0x0000000742000000, 0x0000000800000000)
  region size 2048K, 14 young (28672K), 1 survivors (2048K)
 Metaspace       used 59666K, committed 60160K, reserved 1114112K
  class space    used 8036K, committed 8256K, reserved 1048576K
}
Event: 10.205 GC heap after
{Heap after GC invocations=18 (full 0):
 garbage-first heap   total 61440K, used 22167K [0x0000000742000000, 0x0000000800000000)
  region size 2048K, 2 young (4096K), 2 survivors (4096K)
 Metaspace       used 59666K, committed 60160K, reserved 1114112K
  class space    used 8036K, committed 8256K, reserved 1048576K
}
Event: 10.306 GC heap before
{Heap before GC invocations=18 (full 0):
 garbage-first heap   total 61440K, used 26263K [0x0000000742000000, 0x0000000800000000)
  region size 2048K, 5 young (10240K), 2 survivors (4096K)
 Metaspace       used 60430K, committed 60928K, reserved 1114112K
  class space    used 8124K, committed 8320K, reserved 1048576K
}
Event: 10.312 GC heap after
{Heap after GC invocations=19 (full 0):
 garbage-first heap   total 61440K, used 22607K [0x0000000742000000, 0x0000000800000000)
  region size 2048K, 1 young (2048K), 1 survivors (2048K)
 Metaspace       used 60430K, committed 60928K, reserved 1114112K
  class space    used 8124K, committed 8320K, reserved 1048576K
}
Event: 11.050 GC heap before
{Heap before GC invocations=20 (full 0):
 garbage-first heap   total 61440K, used 45135K [0x0000000742000000, 0x0000000800000000)
  region size 2048K, 12 young (24576K), 1 survivors (2048K)
 Metaspace       used 62421K, committed 62976K, reserved 1114112K
  class space    used 8495K, committed 8768K, reserved 1048576K
}
Event: 11.057 GC heap after
{Heap after GC invocations=21 (full 0):
 garbage-first heap   total 61440K, used 23475K [0x0000000742000000, 0x0000000800000000)
  region size 2048K, 2 young (4096K), 2 survivors (4096K)
 Metaspace       used 62421K, committed 62976K, reserved 1114112K
  class space    used 8495K, committed 8768K, reserved 1048576K
}
Event: 11.853 GC heap before
{Heap before GC invocations=22 (full 0):
 garbage-first heap   total 61440K, used 46003K [0x0000000742000000, 0x0000000800000000)
  region size 2048K, 13 young (26624K), 2 survivors (4096K)
 Metaspace       used 64469K, committed 65088K, reserved 1114112K
  class space    used 8786K, committed 9088K, reserved 1048576K
}
Event: 11.864 GC heap after
{Heap after GC invocations=23 (full 0):
 garbage-first heap   total 61440K, used 25268K [0x0000000742000000, 0x0000000800000000)
  region size 2048K, 2 young (4096K), 2 survivors (4096K)
 Metaspace       used 64469K, committed 65088K, reserved 1114112K
  class space    used 8786K, committed 9088K, reserved 1048576K
}
Event: 95.749 GC heap before
{Heap before GC invocations=23 (full 0):
 garbage-first heap   total 61440K, used 47796K [0x0000000742000000, 0x0000000800000000)
  region size 2048K, 13 young (26624K), 2 survivors (4096K)
 Metaspace       used 67598K, committed 68160K, reserved 1114112K
  class space    used 9228K, committed 9472K, reserved 1048576K
}
Event: 95.760 GC heap after
{Heap after GC invocations=24 (full 0):
 garbage-first heap   total 61440K, used 26716K [0x0000000742000000, 0x0000000800000000)
  region size 2048K, 2 young (4096K), 2 survivors (4096K)
 Metaspace       used 67598K, committed 68160K, reserved 1114112K
  class space    used 9228K, committed 9472K, reserved 1048576K
}
Event: 3245.048 GC heap before
{Heap before GC invocations=24 (full 0):
 garbage-first heap   total 61440K, used 45148K [0x0000000742000000, 0x0000000800000000)
  region size 2048K, 12 young (24576K), 2 survivors (4096K)
 Metaspace       used 71300K, committed 72000K, reserved 1114112K
  class space    used 9785K, committed 10112K, reserved 1048576K
}

Dll operation events (9 events):
Event: 0.016 Loaded shared library C:\Users\Adriel\Downloads\sts-4.20.0.RELEASE\plugins\org.eclipse.justj.openjdk.hotspot.jre.full.win32.x86_64_17.0.8.v20230831-1047\jre\bin\java.dll
Event: 0.342 Loaded shared library C:\Users\Adriel\Downloads\sts-4.20.0.RELEASE\plugins\org.eclipse.justj.openjdk.hotspot.jre.full.win32.x86_64_17.0.8.v20230831-1047\jre\bin\jimage.dll
Event: 0.367 Loaded shared library C:\Users\Adriel\Downloads\sts-4.20.0.RELEASE\plugins\org.eclipse.justj.openjdk.hotspot.jre.full.win32.x86_64_17.0.8.v20230831-1047\jre\bin\net.dll
Event: 0.369 Loaded shared library C:\Users\Adriel\Downloads\sts-4.20.0.RELEASE\plugins\org.eclipse.justj.openjdk.hotspot.jre.full.win32.x86_64_17.0.8.v20230831-1047\jre\bin\nio.dll
Event: 0.377 Loaded shared library C:\Users\Adriel\Downloads\sts-4.20.0.RELEASE\plugins\org.eclipse.justj.openjdk.hotspot.jre.full.win32.x86_64_17.0.8.v20230831-1047\jre\bin\zip.dll
Event: 0.478 Loaded shared library C:\Users\Adriel\Downloads\sts-4.20.0.RELEASE\plugins\org.eclipse.justj.openjdk.hotspot.jre.full.win32.x86_64_17.0.8.v20230831-1047\jre\bin\management.dll
Event: 0.501 Loaded shared library C:\Users\Adriel\Downloads\sts-4.20.0.RELEASE\plugins\org.eclipse.justj.openjdk.hotspot.jre.full.win32.x86_64_17.0.8.v20230831-1047\jre\bin\management_ext.dll
Event: 6.087 Loaded shared library C:\Users\Adriel\Downloads\sts-4.20.0.RELEASE\plugins\org.eclipse.justj.openjdk.hotspot.jre.full.win32.x86_64_17.0.8.v20230831-1047\jre\bin\sunmscapi.dll
Event: 7.262 Loaded shared library C:\Users\Adriel\Downloads\sts-4.20.0.RELEASE\plugins\org.eclipse.justj.openjdk.hotspot.jre.full.win32.x86_64_17.0.8.v20230831-1047\jre\bin\verify.dll

Deoptimization events (14 events):
Event: 2.842 Thread 0x000001d310ea70f0 DEOPT PACKING pc=0x000001d3162c1d79 sp=0x0000008d493fd790
Event: 2.842 Thread 0x000001d310ea70f0 DEOPT UNPACKING pc=0x000001d315dd7143 sp=0x0000008d493fcc70 mode 3
Event: 3.206 Thread 0x000001d310ea70f0 DEOPT PACKING pc=0x000001d3162f9fd5 sp=0x0000008d493fda90
Event: 3.206 Thread 0x000001d310ea70f0 DEOPT UNPACKING pc=0x000001d315dd7143 sp=0x0000008d493fcf38 mode 3
Event: 6.307 Thread 0x000001d310ea70f0 DEOPT PACKING pc=0x000001d3164fafa5 sp=0x0000008d493fc8f0
Event: 6.307 Thread 0x000001d310ea70f0 DEOPT UNPACKING pc=0x000001d315dd7143 sp=0x0000008d493fbe58 mode 3
Event: 10.421 Thread 0x000001d310ea70f0 DEOPT PACKING pc=0x000001d3162efa54 sp=0x0000008d493fd430
Event: 10.421 Thread 0x000001d310ea70f0 DEOPT UNPACKING pc=0x000001d315dd7143 sp=0x0000008d493fc988 mode 0
Event: 11.210 Thread 0x000001d310ea70f0 DEOPT PACKING pc=0x000001d316306f52 sp=0x0000008d493fe200
Event: 11.211 Thread 0x000001d310ea70f0 DEOPT UNPACKING pc=0x000001d315dd7143 sp=0x0000008d493fd708 mode 3
Event: 11.212 Thread 0x000001d310ea70f0 DEOPT PACKING pc=0x000001d3162baa55 sp=0x0000008d493fe1c0
Event: 11.212 Thread 0x000001d310ea70f0 DEOPT UNPACKING pc=0x000001d315dd7143 sp=0x0000008d493fd708 mode 3
Event: 2036.751 Thread 0x000001d328f6ed20 DEOPT PACKING pc=0x000001d316733e1b sp=0x0000008d4bcfcff0
Event: 2036.751 Thread 0x000001d328f6ed20 DEOPT UNPACKING pc=0x000001d315dd7143 sp=0x0000008d4bcfc518 mode 3

Classes unloaded (0 events):
No events

Classes redefined (0 events):
No events

Internal exceptions (20 events):
Event: 10.716 Thread 0x000001d310ea70f0 Exception <a 'java/lang/NoSuchMethodError'{0x0000000744dfa1c8}: 'int java.lang.invoke.DirectMethodHandle$Holder.invokeStatic(java.lang.Object, java.lang.Object, int)'> (0x0000000744dfa1c8) 
thrown [s\src\hotspot\share\interpreter\linkResolver.cpp, line 759]
Event: 10.721 Thread 0x000001d310ea70f0 Exception <a 'java/lang/NoSuchMethodError'{0x0000000744a190b0}: 'java.lang.Object java.lang.invoke.DirectMethodHandle$Holder.newInvokeSpecial(java.lang.Object, java.lang.Object, int)'> (0x0000000744a190b0) 
thrown [s\src\hotspot\share\interpreter\linkResolver.cpp, line 759]
Event: 10.730 Thread 0x000001d310ea70f0 Exception <a 'java/lang/NoSuchMethodError'{0x0000000744a3dda0}: 'java.lang.Object java.lang.invoke.Invokers$Holder.invoke_MT(java.lang.Object, java.lang.Object, java.lang.Object, java.lang.Object, java.lang.Object, java.lang.Object, java.lang.Object, java.lang.Object, java.lang.Object)'> (0x0000000744a3dda0) 
thrown [s\src\hotspot\share\interpreter\linkResolver.cpp, line 759]
Event: 10.736 Thread 0x000001d310ea70f0 Exception <a 'java/lang/IncompatibleClassChangeError'{0x0000000744a75478}: Found class java.lang.Object, but interface was expected> (0x0000000744a75478) 
thrown [s\src\hotspot\share\interpreter\linkResolver.cpp, line 826]
Event: 10.873 Thread 0x000001d310ea70f0 Exception <a 'java/lang/NoSuchMethodError'{0x0000000744836860}: 'java.lang.Object java.lang.invoke.DirectMethodHandle$Holder.invokeStatic(java.lang.Object, int, java.lang.Object)'> (0x0000000744836860) 
thrown [s\src\hotspot\share\interpreter\linkResolver.cpp, line 759]
Event: 10.885 Thread 0x000001d310ea70f0 Exception <a 'java/lang/reflect/InvocationTargetException'{0x00000007448715e0}> (0x00000007448715e0) 
thrown [s\src\hotspot\share\runtime\reflection.cpp, line 1121]
Event: 11.389 Thread 0x000001d310ea70f0 Exception <a 'sun/nio/fs/WindowsException'{0x000000074532a558}> (0x000000074532a558) 
thrown [s\src\hotspot\share\prims\jni.cpp, line 516]
Event: 11.487 Thread 0x000001d310ea70f0 Exception <a 'java/lang/NoSuchMethodError'{0x0000000744f000f8}: 'void java.lang.invoke.DirectMethodHandle$Holder.invokeVirtual(java.lang.Object, java.lang.Object, long)'> (0x0000000744f000f8) 
thrown [s\src\hotspot\share\interpreter\linkResolver.cpp, line 759]
Event: 11.769 Thread 0x000001d310ea70f0 Exception <a 'java/lang/IncompatibleClassChangeError'{0x0000000744980250}: Found class java.lang.Object, but interface was expected> (0x0000000744980250) 
thrown [s\src\hotspot\share\interpreter\linkResolver.cpp, line 826]
Event: 11.823 Thread 0x000001d310ea70f0 Exception <a 'java/lang/NoSuchMethodError'{0x000000074470e148}: 'int java.lang.invoke.DirectMethodHandle$Holder.invokeStaticInit(java.lang.Object, java.lang.Object, java.lang.Object, java.lang.Object)'> (0x000000074470e148) 
thrown [s\src\hotspot\share\interpreter\linkResolver.cpp, line 759]
Event: 12.131 Thread 0x000001d310ea70f0 Exception <a 'java/lang/NoSuchMethodError'{0x0000000745380f20}: 'java.lang.Object java.lang.invoke.DirectMethodHandle$Holder.newInvokeSpecial(java.lang.Object, java.lang.Object, int, java.lang.Object, java.lang.Object)'> (0x0000000745380f20) 
thrown [s\src\hotspot\share\interpreter\linkResolver.cpp, line 759]
Event: 12.133 Thread 0x000001d310ea70f0 Exception <a 'java/lang/NoSuchMethodError'{0x000000074538c598}: 'java.lang.Object java.lang.invoke.DirectMethodHandle$Holder.invokeSpecial(java.lang.Object, java.lang.Object, int, java.lang.Object, int, java.lang.Object)'> (0x000000074538c598) 
thrown [s\src\hotspot\share\interpreter\linkResolver.cpp, line 759]
Event: 12.134 Thread 0x000001d310ea70f0 Exception <a 'java/lang/NoSuchMethodError'{0x00000007453943a0}: 'java.lang.Object java.lang.invoke.DirectMethodHandle$Holder.newInvokeSpecial(java.lang.Object, java.lang.Object, int, java.lang.Object, int)'> (0x00000007453943a0) 
thrown [s\src\hotspot\share\interpreter\linkResolver.cpp, line 759]
Event: 12.134 Thread 0x000001d310ea70f0 Exception <a 'java/lang/NoSuchMethodError'{0x00000007453984a0}: 'java.lang.Object java.lang.invoke.DirectMethodHandle$Holder.invokeSpecial(java.lang.Object, java.lang.Object, java.lang.Object, int, java.lang.Object, int)'> (0x00000007453984a0) 
thrown [s\src\hotspot\share\interpreter\linkResolver.cpp, line 759]
Event: 95.423 Thread 0x000001d327520ee0 Exception <a 'java/lang/NoSuchMethodError'{0x0000000744ffa0a8}: 'java.lang.Object java.lang.invoke.DirectMethodHandle$Holder.invokeSpecial(java.lang.Object, java.lang.Object, java.lang.Object, java.lang.Object, java.lang.Object, long)'> (0x0000000744ffa0a8) 
thrown [s\src\hotspot\share\interpreter\linkResolver.cpp, line 759]
Event: 95.423 Thread 0x000001d327520ee0 Exception <a 'java/lang/NoSuchMethodError'{0x0000000744ffdae8}: 'java.lang.Object java.lang.invoke.Invokers$Holder.linkToTargetMethod(java.lang.Object, java.lang.Object, java.lang.Object, long, java.lang.Object)'> (0x0000000744ffdae8) 
thrown [s\src\hotspot\share\interpreter\linkResolver.cpp, line 759]
Event: 95.580 Thread 0x000001d32751faa0 Exception <a 'java/lang/NoSuchMethodError'{0x00000007448217c0}: 'java.lang.Object java.lang.invoke.DirectMethodHandle$Holder.invokeInterface(java.lang.Object, java.lang.Object, java.lang.Object, java.lang.Object)'> (0x00000007448217c0) 
thrown [s\src\hotspot\share\interpreter\linkResolver.cpp, line 759]
Event: 95.596 Thread 0x000001d32751faa0 Exception <a 'java/lang/NoSuchMethodError'{0x0000000744890af0}: 'void java.lang.invoke.DirectMethodHandle$Holder.invokeSpecialIFC(java.lang.Object, java.lang.Object, int, java.lang.Object, java.lang.Object, java.lang.Object, java.lang.Object)'> (0x0000000744890af0) 
thrown [s\src\hotspot\share\interpreter\linkResolver.cpp, line 759]
Event: 222.941 Thread 0x000001d328f6c4a0 Exception <a 'java/lang/NoSuchMethodError'{0x0000000744e1c460}: 'int java.lang.invoke.DirectMethodHandle$Holder.invokeStatic(java.lang.Object, java.lang.Object, int, int)'> (0x0000000744e1c460) 
thrown [s\src\hotspot\share\interpreter\linkResolver.cpp, line 759]
Event: 2114.770 Thread 0x000001d328f6c4a0 Exception <a 'java/lang/NoSuchMethodError'{0x0000000744b8b6e0}: 'java.lang.Object java.lang.invoke.Invokers$Holder.linkToTargetMethod(java.lang.Object, int, java.lang.Object, java.lang.Object, java.lang.Object, java.lang.Object)'> (0x0000000744b8b6e0) 
thrown [s\src\hotspot\share\interpreter\linkResolver.cpp, line 759]

VM Operations (20 events):
Event: 2114.838 Executing VM operation: Cleanup done
Event: 2164.807 Executing VM operation: HandshakeAllThreads
Event: 2164.807 Executing VM operation: HandshakeAllThreads done
Event: 2942.062 Executing VM operation: Cleanup
Event: 2942.063 Executing VM operation: Cleanup done
Event: 2945.092 Executing VM operation: Cleanup
Event: 2945.092 Executing VM operation: Cleanup done
Event: 3115.614 Executing VM operation: Cleanup
Event: 3115.614 Executing VM operation: Cleanup done
Event: 3127.062 Executing VM operation: HandshakeAllThreads
Event: 3127.062 Executing VM operation: HandshakeAllThreads done
Event: 3132.106 Executing VM operation: Cleanup
Event: 3132.106 Executing VM operation: Cleanup done
Event: 3173.477 Executing VM operation: Cleanup
Event: 3173.477 Executing VM operation: Cleanup done
Event: 3212.540 Executing VM operation: Cleanup
Event: 3212.540 Executing VM operation: Cleanup done
Event: 3214.541 Executing VM operation: Cleanup
Event: 3214.541 Executing VM operation: Cleanup done
Event: 3245.048 Executing VM operation: G1CollectForAllocation

Events (20 events):
Event: 3245.046 loading class com/sun/beans/introspect/ClassInfo
Event: 3245.046 loading class com/sun/beans/introspect/ClassInfo done
Event: 3245.046 loading class com/sun/beans/introspect/ClassInfo$1
Event: 3245.046 loading class com/sun/beans/util/Cache
Event: 3245.047 loading class com/sun/beans/util/Cache done
Event: 3245.047 loading class com/sun/beans/introspect/ClassInfo$1 done
Event: 3245.047 loading class com/sun/beans/util/Cache$Kind
Event: 3245.047 loading class com/sun/beans/util/Cache$Kind done
Event: 3245.047 loading class com/sun/beans/util/Cache$Kind$1
Event: 3245.047 loading class com/sun/beans/util/Cache$Kind$1 done
Event: 3245.047 loading class com/sun/beans/util/Cache$Kind$2
Event: 3245.047 loading class com/sun/beans/util/Cache$Kind$2 done
Event: 3245.047 loading class com/sun/beans/util/Cache$Kind$3
Event: 3245.047 loading class com/sun/beans/util/Cache$Kind$3 done
Event: 3245.047 loading class com/sun/beans/util/Cache$CacheEntry
Event: 3245.047 loading class com/sun/beans/util/Cache$CacheEntry done
Event: 3245.047 loading class java/util/WeakHashMap$KeyIterator
Event: 3245.047 loading class java/util/WeakHashMap$HashIterator
Event: 3245.048 loading class java/util/WeakHashMap$HashIterator done
Event: 3245.048 loading class java/util/WeakHashMap$KeyIterator done


Dynamic libraries:
0x00007ff61a4e0000 - 0x00007ff61a4ee000 	C:\Users\Adriel\Downloads\sts-4.20.0.RELEASE\plugins\org.eclipse.justj.openjdk.hotspot.jre.full.win32.x86_64_17.0.8.v20230831-1047\jre\bin\javaw.exe
0x00007ff805230000 - 0x00007ff805428000 	C:\Windows\SYSTEM32\ntdll.dll
0x00007ff8036a0000 - 0x00007ff80375d000 	C:\Windows\System32\KERNEL32.DLL
0x00007ff802c60000 - 0x00007ff802f56000 	C:\Windows\System32\KERNELBASE.dll
0x00007ff803000000 - 0x00007ff803100000 	C:\Windows\System32\ucrtbase.dll
0x00007fffb0010000 - 0x00007fffb0027000 	C:\Users\Adriel\Downloads\sts-4.20.0.RELEASE\plugins\org.eclipse.justj.openjdk.hotspot.jre.full.win32.x86_64_17.0.8.v20230831-1047\jre\bin\jli.dll
0x00007ff803760000 - 0x00007ff8038fe000 	C:\Windows\System32\USER32.dll
0x00007ff8029f0000 - 0x00007ff802a12000 	C:\Windows\System32\win32u.dll
0x00007ff803670000 - 0x00007ff80369c000 	C:\Windows\System32\GDI32.dll
0x00007ff802a90000 - 0x00007ff802baa000 	C:\Windows\System32\gdi32full.dll
0x00007ff802f60000 - 0x00007ff802ffd000 	C:\Windows\System32\msvcp_win.dll
0x00007fffafff0000 - 0x00007fffb0009000 	C:\Users\Adriel\Downloads\sts-4.20.0.RELEASE\plugins\org.eclipse.justj.openjdk.hotspot.jre.full.win32.x86_64_17.0.8.v20230831-1047\jre\bin\VCRUNTIME140.dll
0x00007ffff4f50000 - 0x00007ffff51ea000 	C:\Windows\WinSxS\amd64_microsoft.windows.common-controls_6595b64144ccf1df_6.0.19041.3636_none_60b6a03d71f818d5\COMCTL32.dll
0x00007ff8032c0000 - 0x00007ff80335e000 	C:\Windows\System32\msvcrt.dll
0x00007ff803290000 - 0x00007ff8032c0000 	C:\Windows\System32\IMM32.DLL
0x00007fffdef10000 - 0x00007fffdef1c000 	C:\Users\Adriel\Downloads\sts-4.20.0.RELEASE\plugins\org.eclipse.justj.openjdk.hotspot.jre.full.win32.x86_64_17.0.8.v20230831-1047\jre\bin\vcruntime140_1.dll
0x00007fffa4a00000 - 0x00007fffa4a91000 	C:\Users\Adriel\Downloads\sts-4.20.0.RELEASE\plugins\org.eclipse.justj.openjdk.hotspot.jre.full.win32.x86_64_17.0.8.v20230831-1047\jre\bin\msvcp140.dll
0x00007fffa5ce0000 - 0x00007fffa692c000 	C:\Users\Adriel\Downloads\sts-4.20.0.RELEASE\plugins\org.eclipse.justj.openjdk.hotspot.jre.full.win32.x86_64_17.0.8.v20230831-1047\jre\bin\server\jvm.dll
0x00007ff804500000 - 0x00007ff8045af000 	C:\Windows\System32\ADVAPI32.dll
0x00007ff8035c0000 - 0x00007ff80365c000 	C:\Windows\System32\sechost.dll
0x00007ff8045b0000 - 0x00007ff8046d6000 	C:\Windows\System32\RPCRT4.dll
0x00007ff802770000 - 0x00007ff8027bb000 	C:\Windows\SYSTEM32\POWRPROF.dll
0x00007ffff7720000 - 0x00007ffff7729000 	C:\Windows\SYSTEM32\WSOCK32.dll
0x00007ff803ab0000 - 0x00007ff803b1b000 	C:\Windows\System32\WS2_32.dll
0x00007fffd75c0000 - 0x00007fffd75e7000 	C:\Windows\SYSTEM32\WINMM.dll
0x00007ffffe7d0000 - 0x00007ffffe7da000 	C:\Windows\SYSTEM32\VERSION.dll
0x00007ff802750000 - 0x00007ff802762000 	C:\Windows\SYSTEM32\UMPDC.dll
0x00007ff8009b0000 - 0x00007ff8009c2000 	C:\Windows\SYSTEM32\kernel.appcore.dll
0x00007ffffaba0000 - 0x00007ffffabaa000 	C:\Users\Adriel\Downloads\sts-4.20.0.RELEASE\plugins\org.eclipse.justj.openjdk.hotspot.jre.full.win32.x86_64_17.0.8.v20230831-1047\jre\bin\jimage.dll
0x00007ff8003f0000 - 0x00007ff8005d4000 	C:\Windows\SYSTEM32\DBGHELP.DLL
0x00007ffffbf90000 - 0x00007ffffbfc4000 	C:\Windows\SYSTEM32\dbgcore.DLL
0x00007ff802960000 - 0x00007ff8029e2000 	C:\Windows\System32\bcryptPrimitives.dll
0x00007fffa5cb0000 - 0x00007fffa5cd5000 	C:\Users\Adriel\Downloads\sts-4.20.0.RELEASE\plugins\org.eclipse.justj.openjdk.hotspot.jre.full.win32.x86_64_17.0.8.v20230831-1047\jre\bin\java.dll
0x00007fffd4150000 - 0x00007fffd4168000 	C:\Users\Adriel\Downloads\sts-4.20.0.RELEASE\plugins\org.eclipse.justj.openjdk.hotspot.jre.full.win32.x86_64_17.0.8.v20230831-1047\jre\bin\zip.dll
0x00007ff804a40000 - 0x00007ff805184000 	C:\Windows\System32\SHELL32.dll
0x00007ff8009d0000 - 0x00007ff80116b000 	C:\Windows\SYSTEM32\windows.storage.dll
0x00007ff8046e0000 - 0x00007ff804a34000 	C:\Windows\System32\combase.dll
0x00007ff802280000 - 0x00007ff8022ad000 	C:\Windows\SYSTEM32\Wldp.dll
0x00007ff803510000 - 0x00007ff8035bd000 	C:\Windows\System32\SHCORE.dll
0x00007ff805190000 - 0x00007ff8051e5000 	C:\Windows\System32\shlwapi.dll
0x00007ff802840000 - 0x00007ff802865000 	C:\Windows\SYSTEM32\profapi.dll
0x00007fffcad90000 - 0x00007fffcada9000 	C:\Users\Adriel\Downloads\sts-4.20.0.RELEASE\plugins\org.eclipse.justj.openjdk.hotspot.jre.full.win32.x86_64_17.0.8.v20230831-1047\jre\bin\net.dll
0x00007ffff9ee0000 - 0x00007ffff9fea000 	C:\Windows\SYSTEM32\WINHTTP.dll
0x00007ff801fe0000 - 0x00007ff80204a000 	C:\Windows\system32\mswsock.dll
0x00007fffc0ee0000 - 0x00007fffc0ef5000 	C:\Users\Adriel\Downloads\sts-4.20.0.RELEASE\plugins\org.eclipse.justj.openjdk.hotspot.jre.full.win32.x86_64_17.0.8.v20230831-1047\jre\bin\nio.dll
0x00007fffde220000 - 0x00007fffde229000 	C:\Users\Adriel\Downloads\sts-4.20.0.RELEASE\plugins\org.eclipse.justj.openjdk.hotspot.jre.full.win32.x86_64_17.0.8.v20230831-1047\jre\bin\management.dll
0x00007fffdcf90000 - 0x00007fffdcf9b000 	C:\Users\Adriel\Downloads\sts-4.20.0.RELEASE\plugins\org.eclipse.justj.openjdk.hotspot.jre.full.win32.x86_64_17.0.8.v20230831-1047\jre\bin\management_ext.dll
0x00007ff803660000 - 0x00007ff803668000 	C:\Windows\System32\PSAPI.DLL
0x00007fffe8320000 - 0x00007fffe8337000 	C:\Windows\system32\napinsp.dll
0x00007fffe0690000 - 0x00007fffe06ab000 	C:\Windows\system32\pnrpnsp.dll
0x00007fffe0670000 - 0x00007fffe0685000 	C:\Windows\system32\wshbth.dll
0x00007ffffcb80000 - 0x00007ffffcb9d000 	C:\Windows\system32\NLAapi.dll
0x00007ff801cd0000 - 0x00007ff801d0b000 	C:\Windows\SYSTEM32\IPHLPAPI.DLL
0x00007ff801d10000 - 0x00007ff801dda000 	C:\Windows\SYSTEM32\DNSAPI.dll
0x00007ff803f70000 - 0x00007ff803f78000 	C:\Windows\System32\NSI.dll
0x00007fffe05b0000 - 0x00007fffe05c2000 	C:\Windows\System32\winrnr.dll
0x00007ffff9320000 - 0x00007ffff932a000 	C:\Windows\System32\rasadhlp.dll
0x00007ffff8c00000 - 0x00007ffff8c80000 	C:\Windows\System32\fwpuclnt.dll
0x00007ff803100000 - 0x00007ff803127000 	C:\Windows\System32\bcrypt.dll
0x00007ff8021d0000 - 0x00007ff8021e8000 	C:\Windows\SYSTEM32\CRYPTSP.dll
0x00007ff801910000 - 0x00007ff801944000 	C:\Windows\system32\rsaenh.dll
0x00007ff802800000 - 0x00007ff80282e000 	C:\Windows\SYSTEM32\USERENV.dll
0x00007ff8021f0000 - 0x00007ff8021fc000 	C:\Windows\SYSTEM32\CRYPTBASE.dll
0x00007ffffaec0000 - 0x00007ffffaed7000 	C:\Windows\SYSTEM32\dhcpcsvc6.DLL
0x00007ffffae80000 - 0x00007ffffae9d000 	C:\Windows\SYSTEM32\dhcpcsvc.DLL
0x00007ffffbd40000 - 0x00007ffffbd4e000 	C:\Users\Adriel\Downloads\sts-4.20.0.RELEASE\plugins\org.eclipse.justj.openjdk.hotspot.jre.full.win32.x86_64_17.0.8.v20230831-1047\jre\bin\sunmscapi.dll
0x00007ff803130000 - 0x00007ff80328d000 	C:\Windows\System32\CRYPT32.dll
0x00007ff8022f0000 - 0x00007ff802317000 	C:\Windows\SYSTEM32\ncrypt.dll
0x00007ff8022b0000 - 0x00007ff8022eb000 	C:\Windows\SYSTEM32\NTASN1.dll
0x00007fffe71f0000 - 0x00007fffe7200000 	C:\Users\Adriel\Downloads\sts-4.20.0.RELEASE\plugins\org.eclipse.justj.openjdk.hotspot.jre.full.win32.x86_64_17.0.8.v20230831-1047\jre\bin\verify.dll
0x00007fffdc2e0000 - 0x00007fffdc2e7000 	C:\Windows\system32\wshunix.dll

dbghelp: loaded successfully - version: 4.0.5 - missing functions: none
symbol engine: initialized successfully - sym options: 0x614 - pdb path: .;C:\Users\Adriel\Downloads\sts-4.20.0.RELEASE\plugins\org.eclipse.justj.openjdk.hotspot.jre.full.win32.x86_64_17.0.8.v20230831-1047\jre\bin;C:\Windows\SYSTEM32;C:\Windows\WinSxS\amd64_microsoft.windows.common-controls_6595b64144ccf1df_6.0.19041.3636_none_60b6a03d71f818d5;C:\Users\Adriel\Downloads\sts-4.20.0.RELEASE\plugins\org.eclipse.justj.openjdk.hotspot.jre.full.win32.x86_64_17.0.8.v20230831-1047\jre\bin\server

VM Arguments:
jvm_args: -Dcom.sun.management.jmxremote -Dcom.sun.management.jmxremote.port=53779 -Dcom.sun.management.jmxremote.authenticate=false -Dcom.sun.management.jmxremote.ssl=false -Djava.rmi.server.hostname=localhost -Dspring.jmx.enabled=true -Dmanagement.endpoints.jmx.exposure.include=* -Dspring.application.admin.enabled=true -XX:TieredStopAtLevel=1 -Dspring.boot.project.name=PI-AE-USERCRUD -Dfile.encoding=UTF-8 -Dstdout.encoding=UTF-8 -Dstderr.encoding=UTF-8 -XX:+ShowCodeDetailsInExceptionMessages 
java_command: com.projetointegrador.app.rest.RestApiApplication --spring.output.ansi.enabled=always
java_class_path (initial): C:\Users\Adriel\PROJECTS\projeto_integrador\projeto_pi_backend\PI-AE-USERCRUD\target\classes;C:\Users\Adriel\.m2\repository\org\springframework\boot\spring-boot-starter-web\3.1.5\spring-boot-starter-web-3.1.5.jar;C:\Users\Adriel\.m2\repository\org\springframework\boot\spring-boot-starter\3.1.5\spring-boot-starter-3.1.5.jar;C:\Users\Adriel\.m2\repository\org\springframework\boot\spring-boot\3.1.5\spring-boot-3.1.5.jar;C:\Users\Adriel\.m2\repository\org\springframework\boot\spring-boot-autoconfigure\3.1.5\spring-boot-autoconfigure-3.1.5.jar;C:\Users\Adriel\.m2\repository\org\springframework\boot\spring-boot-starter-logging\3.1.5\spring-boot-starter-logging-3.1.5.jar;C:\Users\Adriel\.m2\repository\ch\qos\logback\logback-classic\1.4.11\logback-classic-1.4.11.jar;C:\Users\Adriel\.m2\repository\ch\qos\logback\logback-core\1.4.11\logback-core-1.4.11.jar;C:\Users\Adriel\.m2\repository\org\apache\logging\log4j\log4j-to-slf4j\2.20.0\log4j-to-slf4j-2.20.0.jar;C:\Users\Adriel\.m2\repository\org\apache\logging\log4j\log4j-api\2.20.0\log4j-api-2.20.0.jar;C:\Users\Adriel\.m2\repository\org\slf4j\jul-to-slf4j\2.0.9\jul-to-slf4j-2.0.9.jar;C:\Users\Adriel\.m2\repository\jakarta\annotation\jakarta.annotation-api\2.1.1\jakarta.annotation-api-2.1.1.jar;C:\Users\Adriel\.m2\repository\org\yaml\snakeyaml\1.33\snakeyaml-1.33.jar;C:\Users\Adriel\.m2\repository\org\springframework\boot\spring-boot-starter-json\3.1.5\spring-boot-starter-json-3.1.5.jar;C:\Users\Adriel\.m2\repository\com\fasterxml\jackson\core\jackson-databind\2.15.3\jackson-databind-2.15.3.jar;C:\Users\Adriel\.m2\repository\com\fasterxml\jackson\core\jackson-annotations\2.15.3\jackson-annotations-2.15.3.jar;C:\Users\Adriel\.m2\repository\com\fasterxml\jackson\core\jackson-core\2.15.3\jackson-core-2.15.3.jar;C:\Users\Adriel\.m2\repository\com\fasterxml\jackson\datatype\jackson-datatype-jdk8\2.15.3\jackson-datatype-jdk8-2.15.3.jar;C:\Users\Adriel\.m2\repository\com\fasterxml\jackson\datatype\jackson-d
Launcher Type: SUN_STANDARD

[Global flags]
     intx CICompilerCount                          = 3                                         {product} {ergonomic}
     uint ConcGCThreads                            = 1                                         {product} {ergonomic}
     uint G1ConcRefinementThreads                  = 4                                         {product} {ergonomic}
   size_t G1HeapRegionSize                         = 2097152                                   {product} {ergonomic}
    uintx GCDrainStackTargetSize                   = 64                                        {product} {ergonomic}
   size_t InitialHeapSize                          = 199229440                                 {product} {ergonomic}
     bool ManagementServer                         = true                                      {product} {command line}
   size_t MarkStackSize                            = 4194304                                   {product} {ergonomic}
   size_t MaxHeapSize                              = 3187671040                                {product} {ergonomic}
   size_t MaxNewSize                               = 1912602624                                {product} {ergonomic}
   size_t MinHeapDeltaBytes                        = 2097152                                   {product} {ergonomic}
   size_t MinHeapSize                              = 8388608                                   {product} {ergonomic}
    uintx NonProfiledCodeHeapSize                  = 0                                      {pd product} {ergonomic}
     bool ProfileInterpreter                       = false                                  {pd product} {command line}
    uintx ProfiledCodeHeapSize                     = 0                                      {pd product} {ergonomic}
     bool ShowCodeDetailsInExceptionMessages       = true                                   {manageable} {command line}
   size_t SoftMaxHeapSize                          = 3187671040                             {manageable} {ergonomic}
     intx TieredStopAtLevel                        = 1                                         {product} {command line}
     bool UseCompressedClassPointers               = true                           {product lp64_product} {ergonomic}
     bool UseCompressedOops                        = true                           {product lp64_product} {ergonomic}
     bool UseG1GC                                  = true                                      {product} {ergonomic}
     bool UseLargePagesIndividualAllocation        = false                                  {pd product} {ergonomic}

Logging:
Log output configuration:
 #0: stdout all=warning uptime,level,tags
 #1: stderr all=off uptime,level,tags

Environment Variables:
JAVA_HOME=C:\Program Files\Java\jdk-17
CLASSPATH=.:C:\Program Files\Java\jdk-17\lib
PATH=C:/Users/Adriel/Downloads/sts-4.20.0.RELEASE//plugins/org.eclipse.justj.openjdk.hotspot.jre.full.win32.x86_64_17.0.8.v20230831-1047/jre/bin/server;C:/Users/Adriel/Downloads/sts-4.20.0.RELEASE//plugins/org.eclipse.justj.openjdk.hotspot.jre.full.win32.x86_64_17.0.8.v20230831-1047/jre/bin;C:\Program Files\Java\jdk-17;C:\Program Files\Common Files\Oracle\Java\javapath;C:\Program Files (x86)\Common Files\Oracle\Java\javapath;C:\Python311\Scripts\;C:\Python311\;C:\Windows\system32;C:\Windows;C:\Windows\System32\Wbem;C:\Windows\System32\WindowsPowerShell\v1.0\;C:\Windows\System32\OpenSSH\;C:\DEVELOPMENT\flutter\bin;C:\DEVELOPMENT\flutter\bin\cache\dart-sdk\bin\bin;C:\Program Files\Git\cmd;C:\Users\Adriel\AppData\Local\Pub\Cache\bin;C:\Program Files\dotnet\;C:\Program Files (x86)\Intel\Intel(R) Management Engine Components\DAL;C:\Program Files\Intel\Intel(R) Management Engine Components\DAL;C:\ProgramData\chocolatey\bin;C:\Users\Adriel\fvm\default\bin\cache\dart-sdk;C:\Users\Adriel\scrcpy-win64-v1.24;C:\Program Files\nodejs\;C:\Program Files\PowerShell\7\;C:\Program Files\Java\jdk-17\bin;C:\Program Files\MySQL\MySQL Shell 8.0\bin\;C:\Users\Adriel\AppData\Local\Microsoft\WindowsApps;C:\Users\Adriel\AppData\Local\Programs\Microsoft VS Code\bin;C:\Users\Adriel\fvm\default\bin;C:\tools\dart-sdk\bin;C:\Users\Adriel\AppData\Roaming\Pub\Cache\bin;C:\Users\Adriel\AppData\Local\Pub\Cache\bin;C:\Users\Adriel\AppData\Roaming\npm;C:\Users\Adriel\Downloads\sts-4.20.0.RELEASE;
USERNAME=Adriel
OS=Windows_NT
PROCESSOR_IDENTIFIER=Intel64 Family 6 Model 78 Stepping 3, GenuineIntel
TMP=C:\Users\Adriel\AppData\Local\Temp
TEMP=C:\Users\Adriel\AppData\Local\Temp



---------------  S Y S T E M  ---------------

OS:
 Windows 10 , 64 bit Build 19041 (10.0.19041.3636)
OS uptime: 6 days 23:29 hours

CPU: total 4 (initial active 4) (2 cores per cpu, 2 threads per core) family 6 model 78 stepping 3 microcode 0xcc, cx8, cmov, fxsr, ht, mmx, 3dnowpref, sse, sse2, sse3, ssse3, sse4.1, sse4.2, popcnt, lzcnt, tsc, tscinvbit, avx, avx2, aes, erms, clmul, bmi1, bmi2, adx, fma, vzeroupper, clflush, clflushopt
Processor Information for all 4 processors :
  Max Mhz: 2000, Current Mhz: 2000, Mhz Limit: 2000

Memory: 4k page, system-wide physical 12154M (4591M free)
TotalPageFile size 19578M (AvailPageFile size 8838M)
current process WorkingSet (physical memory assigned to process): 202M, peak: 203M
current process commit charge ("private bytes"): 229M, peak: 287M

vm_info: OpenJDK 64-Bit Server VM (17.0.8.1+1) for windows-amd64 JRE (17.0.8.1+1), built on Aug 23 2023 15:29:17 by "admin" with MS VC++ 16.7 (VS2019)

END.
